TN:
SF:scripts/bloat-guard.mjs
FN:1,(empty-report)
FNF:1
FNH:0
FNDA:0,(empty-report)
DA:1,0
DA:2,0
DA:3,0
DA:4,0
DA:5,0
DA:6,0
DA:7,0
DA:8,0
DA:9,0
DA:10,0
DA:11,0
DA:12,0
DA:13,0
DA:14,0
DA:15,0
DA:16,0
DA:17,0
DA:18,0
DA:19,0
LF:19
LH:0
BRDA:1,0,0,0
BRF:1
BRH:0
end_of_record
TN:
SF:scripts/certify-active.mjs
FN:1,(empty-report)
FNF:1
FNH:0
FNDA:0,(empty-report)
DA:1,0
DA:2,0
DA:3,0
DA:4,0
DA:5,0
DA:6,0
DA:7,0
DA:8,0
DA:9,0
DA:10,0
DA:11,0
DA:12,0
DA:13,0
DA:14,0
DA:15,0
DA:16,0
DA:17,0
DA:18,0
DA:19,0
DA:20,0
DA:21,0
DA:22,0
DA:23,0
DA:24,0
DA:25,0
DA:26,0
DA:27,0
DA:28,0
DA:29,0
DA:30,0
DA:31,0
DA:32,0
DA:33,0
DA:34,0
DA:35,0
DA:36,0
DA:37,0
DA:38,0
LF:38
LH:0
BRDA:1,0,0,0
BRF:1
BRH:0
end_of_record
TN:
SF:scripts/certify.mjs
FN:60,hasCodePoint
FN:62,obfuscationScan
FN:86,installHookScan
FN:102,walk
FN:120,safeRealpath
FN:124,structureGuard
FN:152,licenseCheck
FN:158,scanText
FN:180,exfilScan
FN:198,certify
FN:222,main
FNF:11
FNH:11
FNDA:18,hasCodePoint
FNDA:10,obfuscationScan
FNDA:10,installHookScan
FNDA:60,walk
FNDA:6,safeRealpath
FNDA:10,structureGuard
FNDA:10,licenseCheck
FNDA:20,scanText
FNDA:10,exfilScan
FNDA:10,certify
FNDA:7,main
DA:1,8
DA:2,8
DA:3,8
DA:4,8
DA:5,8
DA:6,8
DA:7,8
DA:8,8
DA:9,8
DA:10,8
DA:11,8
DA:12,8
DA:13,8
DA:14,8
DA:15,8
DA:16,8
DA:17,8
DA:18,8
DA:19,8
DA:20,8
DA:21,8
DA:22,8
DA:23,8
DA:24,8
DA:25,8
DA:26,8
DA:27,8
DA:28,8
DA:29,8
DA:30,8
DA:31,8
DA:32,8
DA:33,8
DA:34,8
DA:35,8
DA:36,8
DA:37,8
DA:38,8
DA:39,8
DA:40,8
DA:41,8
DA:42,8
DA:43,8
DA:44,8
DA:45,8
DA:46,8
DA:47,8
DA:48,8
DA:49,8
DA:50,8
DA:51,8
DA:52,8
DA:53,8
DA:54,8
DA:55,8
DA:56,8
DA:57,8
DA:58,8
DA:59,8
DA:60,8
DA:61,8
DA:62,10
DA:63,10
DA:64,10
DA:65,10
DA:66,9
DA:67,9
DA:68,9
DA:69,1
DA:70,1
DA:71,9
DA:72,9
DA:73,0
DA:74,0
DA:75,9
DA:76,10
DA:77,10
DA:78,8
DA:79,8
DA:80,8
DA:81,8
DA:82,8
DA:83,8
DA:84,8
DA:85,8
DA:86,10
DA:87,10
DA:88,10
DA:89,23
DA:90,23
DA:91,1
DA:92,1
DA:93,1
DA:94,1
DA:95,1
DA:96,1
DA:97,23
DA:98,23
DA:99,10
DA:100,10
DA:101,8
DA:102,60
DA:103,60
DA:104,138
DA:105,138
DA:106,138
DA:107,138
DA:108,6
DA:109,6
DA:110,6
DA:111,138
DA:112,0
DA:113,138
DA:114,132
DA:115,132
DA:116,138
DA:117,60
DA:118,60
DA:119,8
DA:120,6
DA:121,6
DA:122,6
DA:123,8
DA:124,10
DA:125,10
DA:126,10
DA:127,10
DA:128,10
DA:129,23
DA:130,1
DA:131,1
DA:132,1
DA:133,1
DA:134,1
DA:135,23
DA:136,23
DA:137,1
DA:138,1
DA:139,23
DA:140,23
DA:141,19
DA:142,19
DA:143,19
DA:144,1
DA:145,1
DA:146,19
DA:147,19
DA:148,23
DA:149,10
DA:150,10
DA:151,8
DA:152,10
DA:153,10
DA:154,10
DA:155,10
DA:156,8
DA:157,8
DA:158,20
DA:159,20
DA:160,20
DA:161,20
DA:162,20
DA:163,20
DA:164,18
DA:165,18
DA:166,18
DA:167,63
DA:168,63
DA:169,18
DA:170,20
DA:171,20
DA:172,8
DA:173,8
DA:174,8
DA:175,8
DA:176,8
DA:177,8
DA:178,8
DA:179,8
DA:180,10
DA:181,10
DA:182,10
DA:183,10
DA:184,9
DA:185,9
DA:186,9
DA:187,91
DA:188,91
DA:189,91
DA:190,1
DA:191,91
DA:192,9
DA:193,10
DA:194,10
DA:195,8
DA:196,8
DA:197,8
DA:198,8
DA:199,10
DA:200,10
DA:201,10
DA:202,10
DA:203,10
DA:204,10
DA:205,10
DA:206,10
DA:207,10
DA:208,10
DA:209,10
DA:210,10
DA:211,10
DA:212,10
DA:213,10
DA:214,10
DA:215,10
DA:216,10
DA:217,10
DA:218,10
DA:219,10
DA:220,10
DA:221,8
DA:222,7
DA:223,7
DA:224,7
DA:225,0
DA:226,0
DA:227,0
DA:228,7
DA:229,7
DA:230,7
DA:231,7
DA:232,8
DA:233,8
DA:234,8
DA:235,8
LF:235
LH:229
BRDA:1,0,0,8
BRDA:235,1,0,7
BRDA:60,2,0,18
BRDA:60,3,0,4844
BRDA:60,4,0,1
BRDA:60,5,0,17
BRDA:62,6,0,10
BRDA:65,7,0,9
BRDA:67,8,0,0
BRDA:68,9,0,1
BRDA:71,10,0,0
BRDA:72,11,0,0
BRDA:64,12,0,23
BRDA:64,13,0,22
BRDA:86,14,0,10
BRDA:88,15,0,23
BRDA:89,16,0,1
BRDA:90,17,0,22
BRDA:90,18,0,1
BRDA:95,19,0,0
BRDA:97,20,0,22
BRDA:97,21,0,0
BRDA:93,22,0,6
BRDA:102,23,0,60
BRDA:103,24,0,138
BRDA:104,25,0,0
BRDA:107,26,0,6
BRDA:111,27,0,132
BRDA:111,28,0,0
BRDA:113,29,0,132
BRDA:120,30,0,6
BRDA:121,31,0,0
BRDA:124,32,0,10
BRDA:128,33,0,23
BRDA:129,34,0,1
BRDA:135,35,0,1
BRDA:136,36,0,22
BRDA:136,37,0,1
BRDA:140,38,0,22
BRDA:140,39,0,22
BRDA:140,40,0,19
BRDA:143,41,0,1
BRDA:146,42,0,0
BRDA:152,43,0,10
BRDA:154,44,0,9
BRDA:154,45,0,1
BRDA:153,46,0,14
BRDA:158,47,0,20
BRDA:163,48,0,18
BRDA:165,49,0,0
BRDA:166,50,0,63
BRDA:167,51,0,7
BRDA:161,52,0,46
BRDA:161,53,0,44
BRDA:180,54,0,10
BRDA:183,55,0,9
BRDA:184,56,0,0
BRDA:186,57,0,91
BRDA:187,58,0,88
BRDA:188,59,0,11
BRDA:188,60,0,3
BRDA:188,61,0,2
BRDA:188,62,0,2
BRDA:189,63,0,19
BRDA:189,64,0,2
BRDA:190,65,0,1
BRDA:182,66,0,23
BRDA:182,67,0,22
BRDA:198,68,0,10
BRDA:222,69,0,7
BRDA:224,70,0,0
BRDA:230,71,0,4
BRDA:230,72,0,3
BRF:73
BRH:61
end_of_record
TN:
SF:scripts/fetch.mjs
FN:41,loadConfig
FN:47,findLicense
FN:53,licenseVerdict
FN:66,fetchSrc
FN:90,copyDeref
FN:112,assembleFromSrc
FN:160,assembleUnit
FN:167,main
FNF:8
FNH:3
FNDA:0,loadConfig
FNDA:8,findLicense
FNDA:0,licenseVerdict
FNDA:0,fetchSrc
FNDA:16,copyDeref
FNDA:6,assembleFromSrc
FNDA:0,assembleUnit
FNDA:0,main
DA:1,4
DA:2,4
DA:3,4
DA:4,4
DA:5,4
DA:6,4
DA:7,4
DA:8,4
DA:9,4
DA:10,4
DA:11,4
DA:12,4
DA:13,4
DA:14,4
DA:15,4
DA:16,4
DA:17,4
DA:18,4
DA:19,4
DA:20,4
DA:21,4
DA:22,4
DA:23,4
DA:24,4
DA:25,4
DA:26,4
DA:27,4
DA:28,4
DA:29,4
DA:30,4
DA:31,4
DA:32,4
DA:33,4
DA:34,4
DA:35,4
DA:36,4
DA:37,4
DA:38,4
DA:39,4
DA:40,4
DA:41,4
DA:42,0
DA:43,0
DA:44,0
DA:45,0
DA:46,4
DA:47,8
DA:48,8
DA:49,8
DA:50,4
DA:51,4
DA:52,4
DA:53,4
DA:54,0
DA:55,0
DA:56,0
DA:57,0
DA:58,0
DA:59,4
DA:60,4
DA:61,4
DA:62,4
DA:63,4
DA:64,4
DA:65,4
DA:66,0
DA:67,0
DA:68,0
DA:69,0
DA:70,0
DA:71,0
DA:72,0
DA:73,0
DA:74,0
DA:75,0
DA:76,0
DA:77,0
DA:78,0
DA:79,0
DA:80,0
DA:81,0
DA:82,4
DA:83,4
DA:84,4
DA:85,4
DA:86,4
DA:87,4
DA:88,4
DA:89,4
DA:90,16
DA:91,16
DA:92,16
DA:93,2
DA:94,2
DA:95,2
DA:96,2
DA:97,2
DA:98,1
DA:99,1
DA:100,1
DA:101,16
DA:102,6
DA:103,6
DA:104,6
DA:105,6
DA:106,8
DA:107,16
DA:108,4
DA:109,4
DA:110,4
DA:111,4
DA:112,4
DA:113,6
DA:114,6
DA:115,6
DA:116,6
DA:117,5
DA:118,5
DA:119,5
DA:120,5
DA:121,5
DA:122,5
DA:123,5
DA:124,5
DA:125,6
DA:126,3
DA:127,3
DA:128,3
DA:129,3
DA:130,3
DA:131,3
DA:132,3
DA:133,0
DA:134,0
DA:135,3
DA:136,5
DA:137,5
DA:138,5
DA:139,5
DA:140,5
DA:141,5
DA:142,5
DA:143,5
DA:144,5
DA:145,5
DA:146,5
DA:147,5
DA:148,5
DA:149,6
DA:150,6
DA:151,6
DA:152,6
DA:153,6
DA:154,6
DA:155,6
DA:156,6
DA:157,6
DA:158,6
DA:159,4
DA:160,4
DA:161,0
DA:162,0
DA:163,0
DA:164,0
DA:165,0
DA:166,4
DA:167,0
DA:168,0
DA:169,0
DA:170,0
DA:171,0
DA:172,0
DA:173,0
DA:174,0
DA:175,0
DA:176,4
DA:177,4
LF:177
LH:136
BRDA:1,0,0,4
BRDA:177,1,0,0
BRDA:47,2,0,8
BRDA:48,3,0,3
BRDA:48,4,0,40
BRDA:90,5,0,16
BRDA:92,6,0,2
BRDA:94,7,0,0
BRDA:96,8,0,1
BRDA:96,9,0,1
BRDA:97,10,0,0
BRDA:98,11,0,1
BRDA:101,12,0,14
BRDA:101,13,0,6
BRDA:103,14,0,10
BRDA:106,15,0,8
BRDA:112,16,0,6
BRDA:115,17,0,4
BRDA:115,18,0,2
BRDA:116,19,0,1
BRDA:117,20,0,5
BRDA:125,21,0,3
BRDA:132,22,0,0
BRDA:136,23,0,5
BRDA:142,24,0,0
BRDA:149,25,0,2
BRF:26
BRH:21
end_of_record
TN:
SF:scripts/gate.mjs
FN:1,(empty-report)
FNF:1
FNH:0
FNDA:0,(empty-report)
DA:1,0
DA:2,0
DA:3,0
DA:4,0
DA:5,0
DA:6,0
DA:7,0
DA:8,0
DA:9,0
DA:10,0
DA:11,0
DA:12,0
DA:13,0
DA:14,0
DA:15,0
DA:16,0
DA:17,0
DA:18,0
DA:19,0
DA:20,0
DA:21,0
DA:22,0
DA:23,0
DA:24,0
DA:25,0
DA:26,0
DA:27,0
DA:28,0
DA:29,0
DA:30,0
DA:31,0
DA:32,0
DA:33,0
DA:34,0
DA:35,0
DA:36,0
DA:37,0
DA:38,0
DA:39,0
DA:40,0
DA:41,0
DA:42,0
DA:43,0
DA:44,0
LF:44
LH:0
BRDA:1,0,0,0
BRF:1
BRH:0
end_of_record
TN:
SF:scripts/generate.mjs
FN:48,folderSource
FN:56,contentHexOf
FN:63,folderSourceUrl
FN:74,upstreamVersionOf
FN:84,removalUrl
FN:100,sanitizeDescription
FN:109,readActiveSkills
FN:117,readScan
FN:126,pluginEntry
FN:147,buildMarketplace
FN:162,certStatus
FN:167,catalogEntry
FN:205,buildCatalog
FN:213,serialize
FN:217,main
FNF:15
FNH:12
FNDA:13,folderSource
FNDA:10,contentHexOf
FNDA:10,folderSourceUrl
FNDA:11,upstreamVersionOf
FNDA:10,removalUrl
FNDA:20,sanitizeDescription
FNDA:2,readActiveSkills
FNDA:0,readScan
FNDA:7,pluginEntry
FNDA:5,buildMarketplace
FNDA:3,certStatus
FNDA:10,catalogEntry
FNDA:8,buildCatalog
FNDA:0,serialize
FNDA:0,main
DA:1,3
DA:2,3
DA:3,3
DA:4,3
DA:5,3
DA:6,3
DA:7,3
DA:8,3
DA:9,3
DA:10,3
DA:11,3
DA:12,3
DA:13,3
DA:14,3
DA:15,3
DA:16,3
DA:17,3
DA:18,3
DA:19,3
DA:20,3
DA:21,3
DA:22,3
DA:23,3
DA:24,3
DA:25,3
DA:26,3
DA:27,3
DA:28,3
DA:29,3
DA:30,3
DA:31,3
DA:32,3
DA:33,3
DA:34,3
DA:35,3
DA:36,3
DA:37,3
DA:38,3
DA:39,3
DA:40,3
DA:41,3
DA:42,3
DA:43,3
DA:44,3
DA:45,3
DA:46,3
DA:47,3
DA:48,3
DA:49,13
DA:50,13
DA:51,13
DA:52,13
DA:53,3
DA:54,3
DA:55,3
DA:56,10
DA:57,10
DA:58,10
DA:59,0
DA:60,0
DA:61,10
DA:62,3
DA:63,10
DA:64,10
DA:65,10
DA:66,3
DA:67,3
DA:68,3
DA:69,3
DA:70,3
DA:71,3
DA:72,3
DA:73,3
DA:74,3
DA:75,11
DA:76,11
DA:77,11
DA:78,11
DA:79,11
DA:80,3
DA:81,3
DA:82,3
DA:83,3
DA:84,10
DA:85,10
DA:86,10
DA:87,10
DA:88,10
DA:89,10
DA:90,10
DA:91,10
DA:92,10
DA:93,3
DA:94,3
DA:95,3
DA:96,3
DA:97,3
DA:98,3
DA:99,3
DA:100,3
DA:101,20
DA:102,20
DA:103,20
DA:104,20
DA:105,20
DA:106,20
DA:107,20
DA:108,3
DA:109,3
DA:110,2
DA:111,2
DA:112,2
DA:113,2
DA:114,2
DA:115,2
DA:116,3
DA:117,0
DA:118,0
DA:119,0
DA:120,0
DA:121,0
DA:122,3
DA:123,3
DA:124,3
DA:125,3
DA:126,3
DA:127,7
DA:128,7
DA:129,7
DA:130,7
DA:131,7
DA:132,7
DA:133,7
DA:134,7
DA:135,7
DA:136,7
DA:137,7
DA:138,7
DA:139,7
DA:140,7
DA:141,7
DA:142,7
DA:143,7
DA:144,7
DA:145,7
DA:146,3
DA:147,3
DA:148,5
DA:149,5
DA:150,5
DA:151,5
DA:152,5
DA:153,5
DA:154,5
DA:155,5
DA:156,5
DA:157,5
DA:158,5
DA:159,5
DA:160,3
DA:161,3
DA:162,3
DA:163,3
DA:164,3
DA:165,3
DA:166,3
DA:167,3
DA:168,10
DA:169,10
DA:170,10
DA:171,10
DA:172,10
DA:173,10
DA:174,10
DA:175,10
DA:176,10
DA:177,10
DA:178,10
DA:179,10
DA:180,10
DA:181,10
DA:182,10
DA:183,10
DA:184,10
DA:185,10
DA:186,10
DA:187,10
DA:188,10
DA:189,10
DA:190,10
DA:191,10
DA:192,10
DA:193,10
DA:194,10
DA:195,10
DA:196,10
DA:197,10
DA:198,10
DA:199,10
DA:200,10
DA:201,10
DA:202,10
DA:203,10
DA:204,3
DA:205,3
DA:206,8
DA:207,8
DA:208,8
DA:209,8
DA:210,8
DA:211,8
DA:212,3
DA:213,0
DA:214,0
DA:215,0
DA:216,3
DA:217,0
DA:218,0
DA:219,0
DA:220,0
DA:221,0
DA:222,0
DA:223,0
DA:224,0
DA:225,0
DA:226,0
DA:227,0
DA:228,0
DA:229,0
DA:230,0
DA:231,0
DA:232,0
DA:233,0
DA:234,0
DA:235,0
DA:236,0
DA:237,0
DA:238,0
DA:239,0
DA:240,0
DA:241,0
DA:242,0
DA:243,3
DA:244,3
DA:245,3
DA:246,3
LF:246
LH:210
BRDA:1,0,0,3
BRDA:246,1,0,0
BRDA:48,2,0,13
BRDA:49,3,0,1
BRDA:50,4,0,12
BRDA:50,5,0,2
BRDA:50,6,0,10
BRDA:56,7,0,10
BRDA:59,8,0,0
BRDA:63,9,0,10
BRDA:74,10,0,11
BRDA:77,11,0,0
BRDA:78,12,0,0
BRDA:84,13,0,10
BRDA:100,14,0,20
BRDA:101,15,0,0
BRDA:109,16,0,2
BRDA:111,17,0,3
BRDA:112,18,0,3
BRDA:113,19,0,3
BRDA:126,20,0,7
BRDA:128,21,0,2
BRDA:129,22,0,5
BRDA:136,23,0,1
BRDA:136,24,0,6
BRDA:137,25,0,3
BRDA:137,26,0,4
BRDA:142,27,0,3
BRDA:143,28,0,3
BRDA:143,29,0,3
BRDA:147,30,0,5
BRDA:156,31,0,8
BRDA:156,32,0,7
BRDA:157,33,0,7
BRDA:162,34,0,3
BRDA:163,35,0,1
BRDA:164,36,0,2
BRDA:164,37,0,1
BRDA:164,38,0,1
BRDA:167,39,0,10
BRDA:176,40,0,3
BRDA:177,41,0,3
BRDA:182,42,0,9
BRDA:200,43,0,3
BRDA:200,44,0,2
BRDA:201,45,0,7
BRDA:205,46,0,8
BRDA:209,47,0,10
BRF:48
BRH:43
end_of_record
TN:
SF:scripts/r2-bootstrap.mjs
FN:1,(empty-report)
FNF:1
FNH:0
FNDA:0,(empty-report)
DA:1,0
DA:2,0
DA:3,0
DA:4,0
DA:5,0
DA:6,0
DA:7,0
DA:8,0
DA:9,0
DA:10,0
DA:11,0
DA:12,0
DA:13,0
DA:14,0
DA:15,0
DA:16,0
DA:17,0
DA:18,0
DA:19,0
LF:19
LH:0
BRDA:1,0,0,0
BRF:1
BRH:0
end_of_record
TN:
SF:scripts/r2-migrate.mjs
FN:1,(empty-report)
FNF:1
FNH:0
FNDA:0,(empty-report)
DA:1,0
DA:2,0
DA:3,0
DA:4,0
DA:5,0
DA:6,0
DA:7,0
DA:8,0
DA:9,0
DA:10,0
DA:11,0
DA:12,0
DA:13,0
DA:14,0
DA:15,0
DA:16,0
DA:17,0
DA:18,0
DA:19,0
DA:20,0
DA:21,0
DA:22,0
DA:23,0
DA:24,0
DA:25,0
DA:26,0
DA:27,0
DA:28,0
DA:29,0
DA:30,0
DA:31,0
DA:32,0
DA:33,0
DA:34,0
DA:35,0
DA:36,0
DA:37,0
DA:38,0
DA:39,0
DA:40,0
DA:41,0
DA:42,0
DA:43,0
DA:44,0
DA:45,0
DA:46,0
DA:47,0
DA:48,0
DA:49,0
DA:50,0
DA:51,0
DA:52,0
DA:53,0
DA:54,0
DA:55,0
DA:56,0
DA:57,0
DA:58,0
DA:59,0
DA:60,0
DA:61,0
DA:62,0
DA:63,0
DA:64,0
DA:65,0
DA:66,0
DA:67,0
DA:68,0
DA:69,0
DA:70,0
DA:71,0
DA:72,0
DA:73,0
DA:74,0
DA:75,0
DA:76,0
DA:77,0
DA:78,0
DA:79,0
DA:80,0
DA:81,0
DA:82,0
DA:83,0
DA:84,0
DA:85,0
DA:86,0
DA:87,0
DA:88,0
DA:89,0
DA:90,0
DA:91,0
DA:92,0
DA:93,0
DA:94,0
DA:95,0
DA:96,0
DA:97,0
DA:98,0
DA:99,0
DA:100,0
DA:101,0
DA:102,0
DA:103,0
DA:104,0
DA:105,0
DA:106,0
DA:107,0
DA:108,0
DA:109,0
DA:110,0
DA:111,0
DA:112,0
DA:113,0
DA:114,0
DA:115,0
DA:116,0
DA:117,0
DA:118,0
DA:119,0
DA:120,0
DA:121,0
DA:122,0
DA:123,0
DA:124,0
DA:125,0
DA:126,0
DA:127,0
DA:128,0
DA:129,0
DA:130,0
DA:131,0
DA:132,0
DA:133,0
DA:134,0
DA:135,0
DA:136,0
DA:137,0
DA:138,0
DA:139,0
DA:140,0
DA:141,0
DA:142,0
DA:143,0
DA:144,0
DA:145,0
DA:146,0
DA:147,0
DA:148,0
DA:149,0
DA:150,0
DA:151,0
DA:152,0
DA:153,0
DA:154,0
DA:155,0
DA:156,0
DA:157,0
DA:158,0
DA:159,0
DA:160,0
DA:161,0
DA:162,0
DA:163,0
DA:164,0
DA:165,0
DA:166,0
DA:167,0
DA:168,0
DA:169,0
DA:170,0
DA:171,0
DA:172,0
DA:173,0
DA:174,0
DA:175,0
DA:176,0
DA:177,0
DA:178,0
DA:179,0
DA:180,0
LF:180
LH:0
BRDA:1,0,0,0
BRF:1
BRH:0
end_of_record
TN:
SF:scripts/r2.mjs
FN:21,hexOf
FN:22,blobKey
FN:23,recordKey
FN:24,cdnUrl
FN:27,packUnit
FN:34,unpackToTmp
FN:44,fetchUnitFromCdn
FN:59,existsOnCdn
FNF:8
FNH:5
FNDA:1,hexOf
FNDA:1,blobKey
FNDA:1,recordKey
FNDA:0,cdnUrl
FNDA:1,packUnit
FNDA:1,unpackToTmp
FNDA:0,fetchUnitFromCdn
FNDA:0,existsOnCdn
DA:1,4
DA:2,4
DA:3,4
DA:4,4
DA:5,4
DA:6,4
DA:7,4
DA:8,4
DA:9,4
DA:10,4
DA:11,4
DA:12,4
DA:13,4
DA:14,4
DA:15,4
DA:16,4
DA:17,4
DA:18,4
DA:19,4
DA:20,4
DA:21,4
DA:22,4
DA:23,4
DA:24,4
DA:25,4
DA:26,4
DA:27,4
DA:28,1
DA:29,1
DA:30,1
DA:31,1
DA:32,4
DA:33,4
DA:34,4
DA:35,1
DA:36,1
DA:37,1
DA:38,1
DA:39,1
DA:40,4
DA:41,4
DA:42,4
DA:43,4
DA:44,4
DA:45,0
DA:46,0
DA:47,0
DA:48,0
DA:49,0
DA:50,0
DA:51,0
DA:52,0
DA:53,0
DA:54,0
DA:55,4
DA:56,4
DA:57,4
DA:58,4
DA:59,4
DA:60,0
DA:61,0
DA:62,0
LF:62
LH:49
BRDA:1,0,0,4
BRDA:21,1,0,1
BRDA:22,2,0,1
BRDA:23,3,0,1
BRDA:27,4,0,1
BRDA:29,5,0,0
BRDA:34,6,0,1
BRDA:37,7,0,0
BRF:8
BRH:6
end_of_record
TN:
SF:scripts/revoke.mjs
FN:20,revoke
FN:38,main
FNF:2
FNH:1
FNDA:1,revoke
FNDA:0,main
DA:1,1
DA:2,1
DA:3,1
DA:4,1
DA:5,1
DA:6,1
DA:7,1
DA:8,1
DA:9,1
DA:10,1
DA:11,1
DA:12,1
DA:13,1
DA:14,1
DA:15,1
DA:16,1
DA:17,1
DA:18,1
DA:19,1
DA:20,1
DA:21,1
DA:22,1
DA:23,1
DA:24,1
DA:25,1
DA:26,1
DA:27,0
DA:28,0
DA:29,1
DA:30,1
DA:31,1
DA:32,1
DA:33,1
DA:34,1
DA:35,1
DA:36,1
DA:37,1
DA:38,0
DA:39,0
DA:40,0
DA:41,0
DA:42,0
DA:43,0
DA:44,0
DA:45,0
DA:46,0
DA:47,1
DA:48,1
LF:48
LH:37
BRDA:1,0,0,1
BRDA:48,1,0,0
BRDA:20,2,0,1
BRDA:22,3,0,0
BRDA:26,4,0,0
BRDA:26,5,0,0
BRF:6
BRH:2
end_of_record
TN:
SF:scripts/scan.mjs
FN:33,hasCode
FN:42,bin
FN:49,toolVersion
FN:59,runGitleaks
FN:78,runOsv
FN:103,runSemgrep
FN:116,scanUnit
FN:214,scan
FN:227,scanSnapshot
FN:253,main
FNF:10
FNH:3
FNDA:2,hasCode
FNDA:4,bin
FNDA:0,toolVersion
FNDA:0,runGitleaks
FNDA:0,runOsv
FNDA:0,runSemgrep
FNDA:2,scanUnit
FNDA:0,scan
FNDA:0,scanSnapshot
FNDA:0,main
DA:1,1
DA:2,1
DA:3,1
DA:4,1
DA:5,1
DA:6,1
DA:7,1
DA:8,1
DA:9,1
DA:10,1
DA:11,1
DA:12,1
DA:13,1
DA:14,1
DA:15,1
DA:16,1
DA:17,1
DA:18,1
DA:19,1
DA:20,1
DA:21,1
DA:22,1
DA:23,1
DA:24,1
DA:25,1
DA:26,1
DA:27,1
DA:28,1
DA:29,1
DA:30,1
DA:31,1
DA:32,1
DA:33,2
DA:34,2
DA:35,4
DA:36,4
DA:37,4
DA:38,4
DA:39,2
DA:40,2
DA:41,1
DA:42,1
DA:43,4
DA:44,4
DA:45,4
DA:46,4
DA:47,4
DA:48,1
DA:49,0
DA:50,0
DA:51,0
DA:52,0
DA:53,0
DA:54,0
DA:55,1
DA:56,1
DA:57,1
DA:58,1
DA:59,1
DA:60,0
DA:61,0
DA:62,0
DA:63,0
DA:64,0
DA:65,0
DA:66,0
DA:67,0
DA:68,0
DA:69,0
DA:70,0
DA:71,0
DA:72,0
DA:73,0
DA:74,1
DA:75,1
DA:76,1
DA:77,1
DA:78,1
DA:79,0
DA:80,0
DA:81,0
DA:82,0
DA:83,0
DA:84,0
DA:85,0
DA:86,0
DA:87,0
DA:88,0
DA:89,0
DA:90,0
DA:91,0
DA:92,0
DA:93,0
DA:94,0
DA:95,0
DA:96,1
DA:97,1
DA:98,1
DA:99,1
DA:100,1
DA:101,1
DA:102,1
DA:103,1
DA:104,0
DA:105,0
DA:106,0
DA:107,0
DA:108,0
DA:109,0
DA:110,0
DA:111,0
DA:112,0
DA:113,0
DA:114,0
DA:115,1
DA:116,1
DA:117,2
DA:118,2
DA:119,2
DA:120,2
DA:121,2
DA:122,2
DA:123,2
DA:124,2
DA:125,2
DA:126,2
DA:127,2
DA:128,2
DA:129,2
DA:130,2
DA:131,2
DA:132,2
DA:133,2
DA:134,2
DA:135,2
DA:136,2
DA:137,0
DA:138,0
DA:139,0
DA:140,2
DA:141,1
DA:142,1
DA:143,1
DA:144,1
DA:145,2
DA:146,2
DA:147,2
DA:148,0
DA:149,0
DA:150,0
DA:151,2
DA:152,1
DA:153,1
DA:154,1
DA:155,1
DA:156,2
DA:157,2
DA:158,2
DA:159,2
DA:160,2
DA:161,0
DA:162,0
DA:163,0
DA:164,0
DA:165,0
DA:166,0
DA:167,0
DA:168,0
DA:169,0
DA:170,0
DA:171,2
DA:172,2
DA:173,2
DA:174,2
DA:175,2
DA:176,2
DA:177,2
DA:178,0
DA:179,0
DA:180,2
DA:181,2
DA:182,2
DA:183,2
DA:184,2
DA:185,2
DA:186,2
DA:187,2
DA:188,2
DA:189,2
DA:190,2
DA:191,2
DA:192,2
DA:193,2
DA:194,2
DA:195,2
DA:196,2
DA:197,2
DA:198,2
DA:199,2
DA:200,2
DA:201,2
DA:202,2
DA:203,2
DA:204,2
DA:205,2
DA:206,2
DA:207,2
DA:208,2
DA:209,2
DA:210,2
DA:211,2
DA:212,2
DA:213,1
DA:214,1
DA:215,0
DA:216,0
DA:217,0
DA:218,0
DA:219,0
DA:220,0
DA:221,0
DA:222,0
DA:223,1
DA:224,1
DA:225,1
DA:226,1
DA:227,1
DA:228,0
DA:229,0
DA:230,0
DA:231,0
DA:232,0
DA:233,0
DA:234,0
DA:235,0
DA:236,0
DA:237,0
DA:238,0
DA:239,0
DA:240,0
DA:241,0
DA:242,0
DA:243,0
DA:244,0
DA:245,0
DA:246,0
DA:247,0
DA:248,0
DA:249,0
DA:250,0
DA:251,0
DA:252,1
DA:253,0
DA:254,0
DA:255,0
DA:256,0
DA:257,0
DA:258,0
DA:259,0
DA:260,0
DA:261,0
DA:262,0
DA:263,0
DA:264,0
DA:265,0
DA:266,0
DA:267,0
DA:268,0
DA:269,0
DA:270,0
DA:271,0
DA:272,0
DA:273,0
DA:274,0
DA:275,0
DA:276,1
DA:277,1
LF:277
LH:156
BRDA:1,0,0,1
BRDA:277,1,0,0
BRDA:33,2,0,2
BRDA:34,3,0,4
BRDA:36,4,0,0
BRDA:37,5,0,0
BRDA:37,6,0,0
BRDA:42,7,0,4
BRDA:43,8,0,0
BRDA:44,9,0,0
BRDA:44,10,0,0
BRDA:46,11,0,0
BRDA:116,12,0,2
BRDA:136,13,0,0
BRDA:140,14,0,1
BRDA:147,15,0,0
BRDA:151,16,0,1
BRDA:160,17,0,0
BRDA:177,18,0,0
BRDA:183,19,0,0
BRF:20
BRH:7
end_of_record
TN:
SF:scripts/snapshot-check.mjs
FN:1,(empty-report)
FNF:1
FNH:0
FNDA:0,(empty-report)
DA:1,0
DA:2,0
DA:3,0
DA:4,0
DA:5,0
DA:6,0
DA:7,0
DA:8,0
DA:9,0
DA:10,0
DA:11,0
DA:12,0
DA:13,0
DA:14,0
DA:15,0
DA:16,0
DA:17,0
DA:18,0
DA:19,0
DA:20,0
DA:21,0
DA:22,0
DA:23,0
DA:24,0
DA:25,0
DA:26,0
DA:27,0
DA:28,0
DA:29,0
DA:30,0
DA:31,0
DA:32,0
DA:33,0
DA:34,0
DA:35,0
DA:36,0
DA:37,0
DA:38,0
DA:39,0
DA:40,0
DA:41,0
LF:41
LH:0
BRDA:1,0,0,0
BRF:1
BRH:0
end_of_record
TN:
SF:scripts/snapshot.mjs
FN:24,walkFiles
FN:36,contentHash
FN:44,byteSize
FN:55,skillVersion
FN:66,readManifest
FN:82,materializeUnit
FN:92,cleanup
FN:99,cleanup
FN:115,cleanup
FN:124,snapshot
FN:160,main
FNF:11
FNH:5
FNDA:14,walkFiles
FNDA:6,contentHash
FNDA:0,byteSize
FNDA:5,skillVersion
FNDA:0,readManifest
FNDA:2,materializeUnit
FNDA:1,cleanup
FNDA:0,cleanup
FNDA:0,cleanup
FNDA:0,snapshot
FNDA:0,main
DA:1,4
DA:2,4
DA:3,4
DA:4,4
DA:5,4
DA:6,4
DA:7,4
DA:8,4
DA:9,4
DA:10,4
DA:11,4
DA:12,4
DA:13,4
DA:14,4
DA:15,4
DA:16,4
DA:17,4
DA:18,4
DA:19,4
DA:20,4
DA:21,4
DA:22,4
DA:23,4
DA:24,14
DA:25,14
DA:26,24
DA:27,24
DA:28,24
DA:29,16
DA:30,24
DA:31,14
DA:32,14
DA:33,4
DA:34,4
DA:35,4
DA:36,4
DA:37,6
DA:38,6
DA:39,16
DA:40,16
DA:41,6
DA:42,6
DA:43,4
DA:44,0
DA:45,0
DA:46,0
DA:47,4
DA:48,4
DA:49,4
DA:50,4
DA:51,4
DA:52,4
DA:53,4
DA:54,4
DA:55,4
DA:56,5
DA:57,5
DA:58,4
DA:59,5
DA:60,4
DA:61,5
DA:62,3
DA:63,5
DA:64,5
DA:65,4
DA:66,4
DA:67,0
DA:68,0
DA:69,0
DA:70,4
DA:71,4
DA:72,4
DA:73,4
DA:74,4
DA:75,4
DA:76,4
DA:77,4
DA:78,4
DA:79,4
DA:80,4
DA:81,4
DA:82,4
DA:83,2
DA:84,2
DA:85,2
DA:86,2
DA:87,2
DA:88,2
DA:89,2
DA:90,1
DA:91,1
DA:92,1
DA:93,1
DA:94,0
DA:95,0
DA:96,0
DA:97,0
DA:98,0
DA:99,0
DA:100,0
DA:101,0
DA:102,0
DA:103,0
DA:104,0
DA:105,0
DA:106,0
DA:107,0
DA:108,0
DA:109,0
DA:110,0
DA:111,0
DA:112,0
DA:113,0
DA:114,0
DA:115,0
DA:116,0
DA:117,0
DA:118,0
DA:119,0
DA:120,0
DA:121,0
DA:122,2
DA:123,4
DA:124,4
DA:125,0
DA:126,0
DA:127,0
DA:128,0
DA:129,0
DA:130,0
DA:131,0
DA:132,0
DA:133,0
DA:134,0
DA:135,0
DA:136,0
DA:137,0
DA:138,0
DA:139,0
DA:140,0
DA:141,0
DA:142,0
DA:143,0
DA:144,0
DA:145,0
DA:146,0
DA:147,0
DA:148,0
DA:149,0
DA:150,0
DA:151,0
DA:152,0
DA:153,0
DA:154,0
DA:155,0
DA:156,0
DA:157,0
DA:158,0
DA:159,4
DA:160,0
DA:161,0
DA:162,0
DA:163,0
DA:164,0
DA:165,0
DA:166,0
DA:167,0
DA:168,4
DA:169,4
LF:169
LH:93
BRDA:1,0,0,4
BRDA:169,1,0,0
BRDA:24,2,0,14
BRDA:25,3,0,24
BRDA:28,4,0,8
BRDA:29,5,0,16
BRDA:36,6,0,6
BRDA:38,7,0,16
BRDA:55,8,0,5
BRDA:57,9,0,1
BRDA:58,10,0,4
BRDA:59,11,0,0
BRDA:59,12,0,4
BRDA:61,13,0,1
BRDA:61,14,0,3
BRDA:63,15,0,2
BRDA:63,16,0,1
BRDA:82,17,0,2
BRDA:83,18,0,0
BRDA:89,19,0,1
BRDA:94,20,0,0
BRDA:92,21,0,1
BRF:22
BRH:18
end_of_record
TN:
SF:scripts/validate-catalog.mjs
FN:1,(empty-report)
FNF:1
FNH:0
FNDA:0,(empty-report)
DA:1,0
DA:2,0
DA:3,0
DA:4,0
DA:5,0
DA:6,0
DA:7,0
DA:8,0
DA:9,0
DA:10,0
DA:11,0
DA:12,0
DA:13,0
DA:14,0
DA:15,0
DA:16,0
DA:17,0
DA:18,0
DA:19,0
DA:20,0
DA:21,0
DA:22,0
DA:23,0
DA:24,0
LF:24
LH:0
BRDA:1,0,0,0
BRF:1
BRH:0
end_of_record
TN:
SF:scripts/validate-skills.mjs
FN:20,validateConfig
FN:31,main
FNF:2
FNH:1
FNDA:6,validateConfig
FNDA:0,main
DA:1,1
DA:2,1
DA:3,1
DA:4,1
DA:5,1
DA:6,1
DA:7,1
DA:8,1
DA:9,1
DA:10,1
DA:11,1
DA:12,1
DA:13,1
DA:14,1
DA:15,1
DA:16,1
DA:17,1
DA:18,1
DA:19,1
DA:20,1
DA:21,6
DA:22,6
DA:23,4
DA:24,4
DA:25,6
DA:26,1
DA:27,1
DA:28,6
DA:29,6
DA:30,1
DA:31,0
DA:32,0
DA:33,0
DA:34,0
DA:35,0
DA:36,0
DA:37,0
DA:38,0
DA:39,0
DA:40,0
DA:41,0
DA:42,0
DA:43,0
DA:44,0
DA:45,0
DA:46,0
DA:47,0
DA:48,0
DA:49,0
DA:50,0
DA:51,0
DA:52,0
DA:53,0
DA:54,1
DA:55,1
DA:56,1
LF:56
LH:33
BRDA:1,0,0,1
BRDA:56,1,0,0
BRDA:20,2,0,6
BRDA:22,3,0,4
BRDA:23,4,0,2
BRDA:25,5,0,1
BRF:6
BRH:5
end_of_record
TN:
SF:scripts/versions-check.mjs
FN:22,classifyVersion
FN:32,main
FNF:2
FNH:1
FNDA:10,classifyVersion
FNDA:0,main
DA:1,1
DA:2,1
DA:3,1
DA:4,1
DA:5,1
DA:6,1
DA:7,1
DA:8,1
DA:9,1
DA:10,1
DA:11,1
DA:12,1
DA:13,1
DA:14,1
DA:15,1
DA:16,1
DA:17,1
DA:18,1
DA:19,1
DA:20,1
DA:21,1
DA:22,1
DA:23,10
DA:24,10
DA:25,6
DA:26,6
DA:27,6
DA:28,6
DA:29,6
DA:30,10
DA:31,1
DA:32,0
DA:33,0
DA:34,0
DA:35,0
DA:36,0
DA:37,0
DA:38,0
DA:39,0
DA:40,0
DA:41,0
DA:42,0
DA:43,0
DA:44,0
DA:45,0
DA:46,0
DA:47,0
DA:48,0
DA:49,0
DA:50,0
DA:51,0
DA:52,0
DA:53,0
DA:54,0
DA:55,0
DA:56,0
DA:57,1
DA:58,1
DA:59,1
LF:59
LH:34
BRDA:1,0,0,1
BRDA:59,1,0,0
BRDA:22,2,0,10
BRDA:23,3,0,2
BRDA:24,4,0,8
BRDA:24,5,0,2
BRDA:25,6,0,6
BRF:7
BRH:6
end_of_record
TN:
SF:scripts/workflow-lint.mjs
FN:1,(empty-report)
FNF:1
FNH:0
FNDA:0,(empty-report)
DA:1,0
DA:2,0
DA:3,0
DA:4,0
DA:5,0
DA:6,0
DA:7,0
DA:8,0
DA:9,0
DA:10,0
DA:11,0
DA:12,0
DA:13,0
DA:14,0
DA:15,0
DA:16,0
DA:17,0
DA:18,0
DA:19,0
DA:20,0
DA:21,0
LF:21
LH:0
BRDA:1,0,0,0
BRF:1
BRH:0
end_of_record
